Determining if files sys/inotify.h exist failed with the following output:
Change Dir: /Users/np/ConkyX/conky/ConkyX/CMakeFiles/CMakeTmp

Run Build Command:"/usr/bin/xcodebuild" "-project" "CMAKE_TRY_COMPILE.xcodeproj" "build" "-target" "cmTC_d09e0" "-configuration" "Debug"
=== BUILD TARGET cmTC_d09e0 OF PROJECT CMAKE_TRY_COMPILE WITH CONFIGURATION Debug ===

Check dependencies

Write auxiliary files
/bin/mkdir -p /Users/np/ConkyX/conky/ConkyX/CMakeFiles/CMakeTmp/CMAKE_TRY_COMPILE.build/Debug/cmTC_d09e0.build/Objects-normal/x86_64
write-file /Users/np/ConkyX/conky/ConkyX/CMakeFiles/CMakeTmp/CMAKE_TRY_COMPILE.build/Debug/cmTC_d09e0.build/Objects-normal/x86_64/cmTC_d09e0.LinkFileList

CompileC CMAKE_TRY_COMPILE.build/Debug/cmTC_d09e0.build/Objects-normal/x86_64/CheckIncludeFiles.o CheckIncludeFiles.c normal x86_64 c com.apple.compilers.llvm.clang.1_0.compiler
    cd /Users/np/ConkyX/conky/ConkyX/CMakeFiles/CMakeTmp
    export LANG=en_US.US-ASCII
    /Applications/Xcode.app/Contents/Developer/Toolchains/XcodeDefault.xctoolchain/usr/bin/clang -x c -arch x86_64 -fmessage-length=0 -fdiagnostics-show-note-include-stack -fmacro-backtrace-limit=0 -Wno-trigraphs -fpascal-strings -O0 -Wno-missing-field-initializers -Wno-missing-prototypes -Wno-return-type -Wno-missing-braces -Wparentheses -Wswitch -Wno-unused-function -Wno-unused-label -Wno-unused-parameter -Wno-unused-variable -Wunused-value -Wno-empty-body -Wno-uninitialized -Wno-unknown-pragmas -Wno-shadow -Wno-four-char-constants -Wno-conversion -Wno-constant-conversion -Wno-int-conversion -Wno-bool-conversion -Wno-enum-conversion -Wno-float-conversion -Wno-non-literal-null-conversion -Wno-objc-literal-conversion -Wno-shorten-64-to-32 -Wpointer-sign -Wno-newline-eof -DCMAKE_INTDIR=\"Debug\" -isysroot /Applications/Xcode.app/Contents/Developer/Platforms/MacOSX.platform/Developer/SDKs/MacOSX10.13.sdk -fasm-blocks -fstrict-aliasing -Wdeprecated-declarations -mmacosx-version-min=10.13 -g -Wno-sign-conversion -Wno-infinite-recursion -Wno-comma -Wno-block-capture-autoreleasing -Wno-strict-prototypes -I/Users/np/ConkyX/conky/ConkyX/CMakeFiles/CMakeTmp/Debug/include -I/Users/np/ConkyX/conky/ConkyX/CMakeFiles/CMakeTmp/CMAKE_TRY_COMPILE.build/Debug/cmTC_d09e0.build/DerivedSources/x86_64 -I/Users/np/ConkyX/conky/ConkyX/CMakeFiles/CMakeTmp/CMAKE_TRY_COMPILE.build/Debug/cmTC_d09e0.build/DerivedSources -Wmost -Wno-four-char-constants -Wno-unknown-pragmas -F/Users/np/ConkyX/conky/ConkyX/CMakeFiles/CMakeTmp/Debug -std=c99 -MMD -MT dependencies -MF /Users/np/ConkyX/conky/ConkyX/CMakeFiles/CMakeTmp/CMAKE_TRY_COMPILE.build/Debug/cmTC_d09e0.build/Objects-normal/x86_64/CheckIncludeFiles.d --serialize-diagnostics /Users/np/ConkyX/conky/ConkyX/CMakeFiles/CMakeTmp/CMAKE_TRY_COMPILE.build/Debug/cmTC_d09e0.build/Objects-normal/x86_64/CheckIncludeFiles.dia -c /Users/np/ConkyX/conky/ConkyX/CMakeFiles/CMakeTmp/CheckIncludeFiles.c -o /Users/np/ConkyX/conky/ConkyX/CMakeFiles/CMakeTmp/CMAKE_TRY_COMPILE.build/Debug/cmTC_d09e0.build/Objects-normal/x86_64/CheckIncludeFiles.o
/Users/np/ConkyX/conky/ConkyX/CMakeFiles/CMakeTmp/CheckIncludeFiles.c:2:10: fatal error: 'sys/inotify.h' file not found
#include <sys/inotify.h>
         ^~~~~~~~~~~~~~~
1 error generated.

** BUILD FAILED **


The following build commands failed:
	CompileC CMAKE_TRY_COMPILE.build/Debug/cmTC_d09e0.build/Objects-normal/x86_64/CheckIncludeFiles.o CheckIncludeFiles.c normal x86_64 c com.apple.compilers.llvm.clang.1_0.compiler
(1 failure)

Source:
/* */
#include <sys/inotify.h>


int main(void){return 0;}

Determining if the pipe2 exist failed with the following output:
Change Dir: /Users/np/ConkyX/conky/ConkyX/CMakeFiles/CMakeTmp

Run Build Command:"/usr/bin/xcodebuild" "-project" "CMAKE_TRY_COMPILE.xcodeproj" "build" "-target" "cmTC_d53c6" "-configuration" "Debug"
=== BUILD TARGET cmTC_d53c6 OF PROJECT CMAKE_TRY_COMPILE WITH CONFIGURATION Debug ===

Check dependencies

Write auxiliary files
/bin/mkdir -p /Users/np/ConkyX/conky/ConkyX/CMakeFiles/CMakeTmp/CMAKE_TRY_COMPILE.build/Debug/cmTC_d53c6.build/Objects-normal/x86_64
write-file /Users/np/ConkyX/conky/ConkyX/CMakeFiles/CMakeTmp/CMAKE_TRY_COMPILE.build/Debug/cmTC_d53c6.build/Objects-normal/x86_64/cmTC_d53c6.LinkFileList

CompileC CMAKE_TRY_COMPILE.build/Debug/cmTC_d53c6.build/Objects-normal/x86_64/CheckSymbolExists.o CheckSymbolExists.c normal x86_64 c com.apple.compilers.llvm.clang.1_0.compiler
    cd /Users/np/ConkyX/conky/ConkyX/CMakeFiles/CMakeTmp
    export LANG=en_US.US-ASCII
    /Applications/Xcode.app/Contents/Developer/Toolchains/XcodeDefault.xctoolchain/usr/bin/clang -x c -arch x86_64 -fmessage-length=0 -fdiagnostics-show-note-include-stack -fmacro-backtrace-limit=0 -Wno-trigraphs -fpascal-strings -O0 -Wno-missing-field-initializers -Wno-missing-prototypes -Wno-return-type -Wno-missing-braces -Wparentheses -Wswitch -Wno-unused-function -Wno-unused-label -Wno-unused-parameter -Wno-unused-variable -Wunused-value -Wno-empty-body -Wno-uninitialized -Wno-unknown-pragmas -Wno-shadow -Wno-four-char-constants -Wno-conversion -Wno-constant-conversion -Wno-int-conversion -Wno-bool-conversion -Wno-enum-conversion -Wno-float-conversion -Wno-non-literal-null-conversion -Wno-objc-literal-conversion -Wno-shorten-64-to-32 -Wpointer-sign -Wno-newline-eof -DCMAKE_INTDIR=\"Debug\" -isysroot /Applications/Xcode.app/Contents/Developer/Platforms/MacOSX.platform/Developer/SDKs/MacOSX10.13.sdk -fasm-blocks -fstrict-aliasing -Wdeprecated-declarations -mmacosx-version-min=10.13 -g -Wno-sign-conversion -Wno-infinite-recursion -Wno-comma -Wno-block-capture-autoreleasing -Wno-strict-prototypes -I/Users/np/ConkyX/conky/ConkyX/CMakeFiles/CMakeTmp/Debug/include -I/Users/np/ConkyX/conky/ConkyX/CMakeFiles/CMakeTmp/CMAKE_TRY_COMPILE.build/Debug/cmTC_d53c6.build/DerivedSources/x86_64 -I/Users/np/ConkyX/conky/ConkyX/CMakeFiles/CMakeTmp/CMAKE_TRY_COMPILE.build/Debug/cmTC_d53c6.build/DerivedSources -Wmost -Wno-four-char-constants -Wno-unknown-pragmas -F/Users/np/ConkyX/conky/ConkyX/CMakeFiles/CMakeTmp/Debug -std=c99 -MMD -MT dependencies -MF /Users/np/ConkyX/conky/ConkyX/CMakeFiles/CMakeTmp/CMAKE_TRY_COMPILE.build/Debug/cmTC_d53c6.build/Objects-normal/x86_64/CheckSymbolExists.d --serialize-diagnostics /Users/np/ConkyX/conky/ConkyX/CMakeFiles/CMakeTmp/CMAKE_TRY_COMPILE.build/Debug/cmTC_d53c6.build/Objects-normal/x86_64/CheckSymbolExists.dia -c /Users/np/ConkyX/conky/ConkyX/CMakeFiles/CMakeTmp/CheckSymbolExists.c -o /Users/np/ConkyX/conky/ConkyX/CMakeFiles/CMakeTmp/CMAKE_TRY_COMPILE.build/Debug/cmTC_d53c6.build/Objects-normal/x86_64/CheckSymbolExists.o
/Users/np/ConkyX/conky/ConkyX/CMakeFiles/CMakeTmp/CheckSymbolExists.c:8:19: error: use of undeclared identifier 'pipe2'; did you mean 'pipe'?
  return ((int*)(&pipe2))[argc];
                  ^~~~~
                  pipe
In file included from /Users/np/ConkyX/conky/ConkyX/CMakeFiles/CMakeTmp/CheckSymbolExists.c:2:
/Applications/Xcode.app/Contents/Developer/Platforms/MacOSX.platform/Developer/SDKs/MacOSX10.13.sdk/usr/include/unistd.h:469:6: note: 'pipe' declared here
int      pipe(int [2]);
         ^
1 error generated.

** BUILD FAILED **


The following build commands failed:
	CompileC CMAKE_TRY_COMPILE.build/Debug/cmTC_d53c6.build/Objects-normal/x86_64/CheckSymbolExists.o CheckSymbolExists.c normal x86_64 c com.apple.compilers.llvm.clang.1_0.compiler
(1 failure)

File /Users/np/ConkyX/conky/ConkyX/CMakeFiles/CMakeTmp/CheckSymbolExists.c:
/* */
#include <unistd.h>

int main(int argc, char** argv)
{
  (void)argv;
#ifndef pipe2
  return ((int*)(&pipe2))[argc];
#else
  (void)argc;
  return 0;
#endif
}

